        -:    0:Source:dominion.c
        -:    0:Graph:dominion.gcno
        -:    0:Data:dominion.gcda
        -:    0:Runs:6
        -:    0:Programs:1
        -:    1:#include "dominion.h"
        -:    2:#include "dominion_helpers.h"
        -:    3:#include "rngs.h"
        -:    4:#include <stdio.h>
        -:    5:#include <math.h>
        -:    6:#include <stdlib.h>
        -:    7:
function compare called 507216 returned 100% blocks executed 100%
        -:    8:int compare(const void* a, const void* b) {
   507216:    9:  if (*(int*)a > *(int*)b)
branch  0 taken 34%
branch  1 taken 66%
   171694:   10:    return 1;
   335522:   11:  if (*(int*)a < *(int*)b)
branch  0 taken 58%
branch  1 taken 42%
   195486:   12:    return -1;
   140036:   13:  return 0;
   507216:   14:}
        -:   15:
function newGame called 0 returned 0% blocks executed 0%
        -:   16:struct gameState* newGame() {
    #####:   17:  struct gameState* g = malloc(sizeof(struct gameState));
    #####:   18:  return g;
        -:   19:}
        -:   20:
function kingdomCards called 0 returned 0% blocks executed 0%
        -:   21:int* kingdomCards(int k1, int k2, int k3, int k4, int k5, int k6, int k7,
        -:   22:		  int k8, int k9, int k10) {
    #####:   23:  int* k = malloc(10 * sizeof(int));
    #####:   24:  k[0] = k1;
    #####:   25:  k[1] = k2;
    #####:   26:  k[2] = k3;
    #####:   27:  k[3] = k4;
    #####:   28:  k[4] = k5;
    #####:   29:  k[5] = k6;
    #####:   30:  k[6] = k7;
    #####:   31:  k[7] = k8;
    #####:   32:  k[8] = k9;
    #####:   33:  k[9] = k10;
    #####:   34:  return k;
        -:   35:}
        -:   36:
function initializeGame called 2000 returned 100% blocks executed 95%
        -:   37:int initializeGame(int numPlayers, int kingdomCards[10], int randomSeed,
        -:   38:		   struct gameState *state) {
        -:   39:
        -:   40:  int i;
        -:   41:  int j;
        -:   42:  int it;			
        -:   43:  //set up random number generator
     2000:   44:  SelectStream(1);
     2000:   45:  PutSeed((long)randomSeed);
        -:   46:  
        -:   47:  //check number of players
     4000:   48:  if (numPlayers > MAX_PLAYERS || numPlayers < 2)
branch  0 taken 100%
branch  1 taken 0%
branch  2 taken 0%
branch  3 taken 100%
        -:   49:    {
    #####:   50:      return -1;
        -:   51:    }
        -:   52:
        -:   53:  //set number of players
     2000:   54:  state->numPlayers = numPlayers;
        -:   55:
        -:   56:  //check selected kingdom cards are different
    44000:   57:  for (i = 0; i < 10; i++)
branch  0 taken 91%
branch  1 taken 9%
        -:   58:    {
   440000:   59:      for (j = 0; j < 10; j++)
branch  0 taken 91%
branch  1 taken 9%
        -:   60:        {
   380000:   61:	  if (j != i && kingdomCards[j] == kingdomCards[i])
branch  0 taken 90%
branch  1 taken 10%
branch  2 taken 0%
branch  3 taken 100%
        -:   62:	    {
    #####:   63:	      return -1;
        -:   64:	    }
   200000:   65:        }
    20000:   66:    }
        -:   67:
        -:   68:
        -:   69:  //initialize supply
        -:   70:  ///////////////////////////////
        -:   71:
        -:   72:  //set number of Curse cards
     2000:   73:  if (numPlayers == 2)
branch  0 taken 34%
branch  1 taken 66%
        -:   74:    {
      680:   75:      state->supplyCount[curse] = 10;
      680:   76:    }
     1320:   77:  else if (numPlayers == 3)
branch  0 taken 47%
branch  1 taken 53%
        -:   78:    {
      624:   79:      state->supplyCount[curse] = 20;
      624:   80:    }
        -:   81:  else
        -:   82:    {
      696:   83:      state->supplyCount[curse] = 30;
        -:   84:    }
        -:   85:
        -:   86:  //set number of Victory cards
     2000:   87:  if (numPlayers == 2)
branch  0 taken 34%
branch  1 taken 66%
        -:   88:    {
      680:   89:      state->supplyCount[estate] = 8;
      680:   90:      state->supplyCount[duchy] = 8;
      680:   91:      state->supplyCount[province] = 8;
      680:   92:    }
        -:   93:  else
        -:   94:    {
     1320:   95:      state->supplyCount[estate] = 12;
     1320:   96:      state->supplyCount[duchy] = 12;
     1320:   97:      state->supplyCount[province] = 12;
        -:   98:    }
        -:   99:
        -:  100:  //set number of Treasure cards
     2000:  101:  state->supplyCount[copper] = 60 - (7 * numPlayers);
     2000:  102:  state->supplyCount[silver] = 40;
     2000:  103:  state->supplyCount[gold] = 30;
        -:  104:
        -:  105:  //set number of Kingdom cards
    84000:  106:  for (i = adventurer; i <= treasure_map; i++)       	//loop all cards
branch  0 taken 95%
branch  1 taken 5%
        -:  107:    {
   660000:  108:      for (j = 0; j < 10; j++)           		//loop chosen cards
branch  0 taken 94%
branch  1 taken 6%
        -:  109:	{
   310000:  110:	  if (kingdomCards[j] == i)
branch  0 taken 6%
branch  1 taken 94%
        -:  111:	    {
        -:  112:	      //check if card is a 'Victory' Kingdom card
    38000:  113:	      if (kingdomCards[j] == great_hall || kingdomCards[j] == gardens)
branch  0 taken 90%
branch  1 taken 10%
branch  2 taken 11%
branch  3 taken 89%
        -:  114:		{
     4000:  115:		  if (numPlayers == 2){ 
branch  0 taken 34%
branch  1 taken 66%
     1360:  116:		    state->supplyCount[i] = 8; 
     1360:  117:		  }
     2640:  118:		  else{ state->supplyCount[i] = 12; }
     4000:  119:		}
        -:  120:	      else
        -:  121:		{
    16000:  122:		  state->supplyCount[i] = 10;
        -:  123:		}
    20000:  124:	      break;
        -:  125:	    }
        -:  126:	  else    //card is not in the set choosen for the game
        -:  127:	    {
   290000:  128:	      state->supplyCount[i] = -1;
        -:  129:	    }
   290000:  130:	}
        -:  131:
    40000:  132:    }
        -:  133:
        -:  134:  ////////////////////////
        -:  135:  //supply intilization complete
        -:  136:
        -:  137:  //set player decks
    16032:  138:  for (i = 0; i < numPlayers; i++)
branch  0 taken 75%
branch  1 taken 25%
        -:  139:    {
     6016:  140:      state->deckCount[i] = 0;
    48128:  141:      for (j = 0; j < 3; j++)
branch  0 taken 75%
branch  1 taken 25%
        -:  142:	{
    18048:  143:	  state->deck[i][j] = estate;
    18048:  144:	  state->deckCount[i]++;
    18048:  145:	}
    96256:  146:      for (j = 3; j < 10; j++)
branch  0 taken 88%
branch  1 taken 13%
        -:  147:	{
    42112:  148:	  state->deck[i][j] = copper;
    42112:  149:	  state->deckCount[i]++;		
    42112:  150:	}
     6016:  151:    }
        -:  152:
        -:  153:  //shuffle player decks
    16032:  154:  for (i = 0; i < numPlayers; i++)
branch  0 taken 75%
branch  1 taken 25%
        -:  155:    {
     6016:  156:      if ( shuffle(i, state) < 0 )
branch  0 taken 0%
branch  1 taken 100%
        -:  157:	{
    #####:  158:	  return -1;
        -:  159:	}
     6016:  160:    }
        -:  161:
        -:  162:  //draw player hands
    16032:  163:  for (i = 0; i < numPlayers; i++)
branch  0 taken 75%
branch  1 taken 25%
        -:  164:    {  
        -:  165:      //initialize hand size to zero
     6016:  166:      state->handCount[i] = 0;
     6016:  167:      state->discardCount[i] = 0;
        -:  168:      //draw 5 cards
        -:  169:      // for (j = 0; j < 5; j++)
        -:  170:      //	{
        -:  171:      //	  drawCard(i, state);
        -:  172:      //	}
     6016:  173:    }
        -:  174:  
        -:  175:  //set embargo tokens to 0 for all supply piles
   112000:  176:  for (i = 0; i <= treasure_map; i++)
branch  0 taken 96%
branch  1 taken 4%
        -:  177:    {
    54000:  178:      state->embargoTokens[i] = 0;
    54000:  179:    }
        -:  180:
        -:  181:  //initialize first player's turn
     2000:  182:  state->outpostPlayed = 0;
     2000:  183:  state->phase = 0;
     2000:  184:  state->numActions = 1;
     2000:  185:  state->numBuys = 1;
     2000:  186:  state->playedCardCount = 0;
     2000:  187:  state->whoseTurn = 0;
     2000:  188:  state->handCount[state->whoseTurn] = 0;
        -:  189:  //int it; move to top
        -:  190:
        -:  191:  //Moved draw cards to here, only drawing at the start of a turn
    24000:  192:  for (it = 0; it < 5; it++){
branch  0 taken 83%
branch  1 taken 17%
    10000:  193:    drawCard(state->whoseTurn, state);
    10000:  194:  }
        -:  195:
     2000:  196:  updateCoins(state->whoseTurn, state, 0);
        -:  197:
     2000:  198:  return 0;
     2000:  199:}
        -:  200:
function shuffle called 9176 returned 100% blocks executed 100%
        -:  201:int shuffle(int player, struct gameState *state) {
        -:  202: 
        -:  203:
        -:  204:  int newDeck[MAX_DECK];
     9176:  205:  int newDeckPos = 0;
        -:  206:  int card;
        -:  207:  int i;
        -:  208:
     9176:  209:  if (state->deckCount[player] < 1)
branch  0 taken 26%
branch  1 taken 74%
     2428:  210:    return -1;
     6748:  211:  qsort ((void*)(state->deck[player]), state->deckCount[player], sizeof(int), compare); 
        -:  212:  /* SORT CARDS IN DECK TO ENSURE DETERMINISM! */
        -:  213:
   318016:  214:  while (state->deckCount[player] > 0) {
branch  0 taken 96%
branch  1 taken 4%
   152260:  215:    card = floor(Random() * state->deckCount[player]);
   152260:  216:    newDeck[newDeckPos] = state->deck[player][card];
   152260:  217:    newDeckPos++;
  8598204:  218:    for (i = card; i < state->deckCount[player]-1; i++) {
branch  0 taken 96%
branch  1 taken 4%
  4146842:  219:      state->deck[player][i] = state->deck[player][i+1];
  4146842:  220:    }
   152260:  221:    state->deckCount[player]--;
        -:  222:  }
   318016:  223:  for (i = 0; i < newDeckPos; i++) {
branch  0 taken 96%
branch  1 taken 4%
   152260:  224:    state->deck[player][i] = newDeck[i];
   152260:  225:    state->deckCount[player]++;
   152260:  226:  }
        -:  227:
     6748:  228:  return 0;
     9176:  229:}
        -:  230:
function playCard called 0 returned 0% blocks executed 0%
        -:  231:int playCard(int handPos, int choice1, int choice2, int choice3, struct gameState *state) 
        -:  232:{	
        -:  233:  int card;
    #####:  234:  int coin_bonus = 0; 		//tracks coins gain from actions
        -:  235:
        -:  236:  //check if it is the right phase
    #####:  237:  if (state->phase != 0)
branch  0 never executed
branch  1 never executed
        -:  238:    {
    #####:  239:      return -1;
        -:  240:    }
        -:  241:	
        -:  242:  //check if player has enough actions
    #####:  243:  if ( state->numActions < 1 )
branch  0 never executed
branch  1 never executed
        -:  244:    {
    #####:  245:      return -1;
        -:  246:    }
        -:  247:	
        -:  248:  //get card played
    #####:  249:  card = handCard(handPos, state);
        -:  250:	
        -:  251:  //check if selected card is an action
    #####:  252:  if ( card < adventurer || card > treasure_map )
branch  0 never executed
branch  1 never executed
branch  2 never executed
branch  3 never executed
        -:  253:    {
    #####:  254:      return -1;
        -:  255:    }
        -:  256:	
        -:  257:  //play card
    #####:  258:  if ( cardEffect(card, choice1, choice2, choice3, state, handPos, &coin_bonus) < 0 )
branch  0 never executed
branch  1 never executed
        -:  259:    {
    #####:  260:      return -1;
        -:  261:    }
        -:  262:	
        -:  263:  //reduce number of actions
    #####:  264:  state->numActions--;
        -:  265:
        -:  266:  //update coins (Treasure cards may be added with card draws)
    #####:  267:  updateCoins(state->whoseTurn, state, coin_bonus);
        -:  268:	
    #####:  269:  return 0;
    #####:  270:}
        -:  271:
function buyCard called 0 returned 0% blocks executed 0%
        -:  272:int buyCard(int supplyPos, struct gameState *state) {
        -:  273:  int who;
        -:  274:  if (DEBUG){
        -:  275:    printf("Entering buyCard...\n");
        -:  276:  }
        -:  277:
        -:  278:  // I don't know what to do about the phase thing.
        -:  279:
    #####:  280:  who = state->whoseTurn;
        -:  281:
    #####:  282:  if (state->numBuys < 1){
branch  0 never executed
branch  1 never executed
        -:  283:    if (DEBUG)
        -:  284:      printf("You do not have any buys left\n");
    #####:  285:    return -1;
    #####:  286:  } else if (supplyCount(supplyPos, state) <1){
branch  0 never executed
branch  1 never executed
        -:  287:    if (DEBUG)
        -:  288:      printf("There are not any of that type of card left\n");
    #####:  289:    return -1;
    #####:  290:  } else if (state->coins < getCost(supplyPos)){
branch  0 never executed
branch  1 never executed
        -:  291:    if (DEBUG) 
        -:  292:      printf("You do not have enough money to buy that. You have %d coins.\n", state->coins);
    #####:  293:    return -1;
        -:  294:  } else {
    #####:  295:    state->phase=1;
        -:  296:    //state->supplyCount[supplyPos]--;
    #####:  297:    gainCard(supplyPos, state, 0, who); //card goes in discard, this might be wrong.. (2 means goes into hand, 0 goes into discard)
        -:  298:  
    #####:  299:    state->coins = (state->coins) - (getCost(supplyPos));
    #####:  300:    state->numBuys--;
        -:  301:    if (DEBUG)
        -:  302:      printf("You bought card number %d for %d coins. You now have %d buys and %d coins.\n", supplyPos, getCost(supplyPos), state->numBuys, state->coins);
        -:  303:  }
        -:  304:
        -:  305:  //state->discard[who][state->discardCount[who]] = supplyPos;
        -:  306:  //state->discardCount[who]++;
        -:  307:    
    #####:  308:  return 0;
    #####:  309:}
        -:  310:
function numHandCards called 0 returned 0% blocks executed 0%
        -:  311:int numHandCards(struct gameState *state) {
    #####:  312:  return state->handCount[ whoseTurn(state) ];
        -:  313:}
        -:  314:
function handCard called 0 returned 0% blocks executed 0%
        -:  315:int handCard(int handPos, struct gameState *state) {
    #####:  316:  int currentPlayer = whoseTurn(state);
    #####:  317:  return state->hand[currentPlayer][handPos];
        -:  318:}
        -:  319:
function supplyCount called 0 returned 0% blocks executed 0%
        -:  320:int supplyCount(int card, struct gameState *state) {
    #####:  321:  return state->supplyCount[card];
        -:  322:}
        -:  323:
function fullDeckCount called 0 returned 0% blocks executed 0%
        -:  324:int fullDeckCount(int player, int card, struct gameState *state) {
        -:  325:  int i;
    #####:  326:  int count = 0;
        -:  327:
    #####:  328:  for (i = 0; i < state->deckCount[player]; i++)
branch  0 never executed
branch  1 never executed
        -:  329:    {
    #####:  330:      if (state->deck[player][i] == card) count++;
branch  0 never executed
branch  1 never executed
    #####:  331:    }
        -:  332:
    #####:  333:  for (i = 0; i < state->handCount[player]; i++)
branch  0 never executed
branch  1 never executed
        -:  334:    {
    #####:  335:      if (state->hand[player][i] == card) count++;
branch  0 never executed
branch  1 never executed
    #####:  336:    }
        -:  337:
    #####:  338:  for (i = 0; i < state->discardCount[player]; i++)
branch  0 never executed
branch  1 never executed
        -:  339:    {
    #####:  340:      if (state->discard[player][i] == card) count++;
branch  0 never executed
branch  1 never executed
    #####:  341:    }
        -:  342:
    #####:  343:  return count;
        -:  344:}
        -:  345:
function whoseTurn called 4300 returned 100% blocks executed 100%
        -:  346:int whoseTurn(struct gameState *state) {
     4300:  347:  return state->whoseTurn;
        -:  348:}
        -:  349:
function endTurn called 0 returned 0% blocks executed 0%
        -:  350:int endTurn(struct gameState *state) {
        -:  351:  int k;
        -:  352:  int i;
    #####:  353:  int currentPlayer = whoseTurn(state);
        -:  354:  
        -:  355:  //Discard hand
    #####:  356:  for (i = 0; i < state->handCount[currentPlayer]; i++){
branch  0 never executed
branch  1 never executed
    #####:  357:    state->discard[currentPlayer][state->discardCount[currentPlayer]++] = state->hand[currentPlayer][i];//Discard
    #####:  358:    state->hand[currentPlayer][i] = -1;//Set card to -1
    #####:  359:  }
    #####:  360:  state->handCount[currentPlayer] = 0;//Reset hand count
        -:  361:    
        -:  362:  //Code for determining the player
    #####:  363:  if (currentPlayer < (state->numPlayers - 1)){ 
branch  0 never executed
branch  1 never executed
    #####:  364:    state->whoseTurn = currentPlayer + 1;//Still safe to increment
    #####:  365:  }
        -:  366:  else{
    #####:  367:    state->whoseTurn = 0;//Max player has been reached, loop back around to player 1
        -:  368:  }
        -:  369:
    #####:  370:  state->outpostPlayed = 0;
    #####:  371:  state->phase = 0;
    #####:  372:  state->numActions = 1;
    #####:  373:  state->coins = 0;
    #####:  374:  state->numBuys = 1;
    #####:  375:  state->playedCardCount = 0;
    #####:  376:  state->handCount[state->whoseTurn] = 0;
        -:  377:
        -:  378:  //int k; move to top
        -:  379:  //Next player draws hand
    #####:  380:  for (k = 0; k < 5; k++){
branch  0 never executed
branch  1 never executed
    #####:  381:    drawCard(state->whoseTurn, state);//Draw a card
    #####:  382:  }
        -:  383:
        -:  384:  //Update money
    #####:  385:  updateCoins(state->whoseTurn, state , 0);
        -:  386:
    #####:  387:  return 0;
        -:  388:}
        -:  389:
function isGameOver called 0 returned 0% blocks executed 0%
        -:  390:int isGameOver(struct gameState *state) {
        -:  391:  int i;
        -:  392:  int j;
        -:  393:	
        -:  394:  //if stack of Province cards is empty, the game ends
    #####:  395:  if (state->supplyCount[province] == 0)
branch  0 never executed
branch  1 never executed
        -:  396:    {
    #####:  397:      return 1;
        -:  398:    }
        -:  399:
        -:  400:  //if three supply pile are at 0, the game ends
    #####:  401:  j = 0;
    #####:  402:  for (i = 0; i < 25; i++)
branch  0 never executed
branch  1 never executed
        -:  403:    {
    #####:  404:      if (state->supplyCount[i] == 0)
branch  0 never executed
branch  1 never executed
        -:  405:	{
    #####:  406:	  j++;
    #####:  407:	}
    #####:  408:    }
    #####:  409:  if ( j >= 3)
branch  0 never executed
branch  1 never executed
        -:  410:    {
    #####:  411:      return 1;
        -:  412:    }
        -:  413:
    #####:  414:  return 0;
    #####:  415:}
        -:  416:
function scoreFor called 0 returned 0% blocks executed 0%
        -:  417:int scoreFor (int player, struct gameState *state) {
        -:  418:
        -:  419:  int i;
    #####:  420:  int score = 0;
        -:  421:  //score from hand
    #####:  422:  for (i = 0; i < state->handCount[player]; i++)
branch  0 never executed
branch  1 never executed
        -:  423:    {
    #####:  424:      if (state->hand[player][i] == curse) { score = score - 1; };
branch  0 never executed
branch  1 never executed
    #####:  425:      if (state->hand[player][i] == estate) { score = score + 1; };
branch  0 never executed
branch  1 never executed
    #####:  426:      if (state->hand[player][i] == duchy) { score = score + 3; };
branch  0 never executed
branch  1 never executed
    #####:  427:      if (state->hand[player][i] == province) { score = score + 6; };
branch  0 never executed
branch  1 never executed
    #####:  428:      if (state->hand[player][i] == great_hall) { score = score + 1; };
branch  0 never executed
branch  1 never executed
    #####:  429:      if (state->hand[player][i] == gardens) { score = score + ( fullDeckCount(player, 0, state) / 10 ); };
branch  0 never executed
branch  1 never executed
    #####:  430:    }
        -:  431:
        -:  432:  //score from discard
    #####:  433:  for (i = 0; i < state->discardCount[player]; i++)
branch  0 never executed
branch  1 never executed
        -:  434:    {
    #####:  435:      if (state->discard[player][i] == curse) { score = score - 1; };
branch  0 never executed
branch  1 never executed
    #####:  436:      if (state->discard[player][i] == estate) { score = score + 1; };
branch  0 never executed
branch  1 never executed
    #####:  437:      if (state->discard[player][i] == duchy) { score = score + 3; };
branch  0 never executed
branch  1 never executed
    #####:  438:      if (state->discard[player][i] == province) { score = score + 6; };
branch  0 never executed
branch  1 never executed
    #####:  439:      if (state->discard[player][i] == great_hall) { score = score + 1; };
branch  0 never executed
branch  1 never executed
    #####:  440:      if (state->discard[player][i] == gardens) { score = score + ( fullDeckCount(player, 0, state) / 10 ); };
branch  0 never executed
branch  1 never executed
    #####:  441:    }
        -:  442:
        -:  443:  //score from deck
    #####:  444:  for (i = 0; i < state->discardCount[player]; i++)
branch  0 never executed
branch  1 never executed
        -:  445:    {
    #####:  446:      if (state->deck[player][i] == curse) { score = score - 1; };
branch  0 never executed
branch  1 never executed
    #####:  447:      if (state->deck[player][i] == estate) { score = score + 1; };
branch  0 never executed
branch  1 never executed
    #####:  448:      if (state->deck[player][i] == duchy) { score = score + 3; };
branch  0 never executed
branch  1 never executed
    #####:  449:      if (state->deck[player][i] == province) { score = score + 6; };
branch  0 never executed
branch  1 never executed
    #####:  450:      if (state->deck[player][i] == great_hall) { score = score + 1; };
branch  0 never executed
branch  1 never executed
    #####:  451:      if (state->deck[player][i] == gardens) { score = score + ( fullDeckCount(player, 0, state) / 10 ); };
branch  0 never executed
branch  1 never executed
    #####:  452:    }
        -:  453:
    #####:  454:  return score;
        -:  455:}
        -:  456:
function getWinners called 0 returned 0% blocks executed 0%
        -:  457:int getWinners(int players[MAX_PLAYERS], struct gameState *state) {
        -:  458:  int i;	
        -:  459:  int j;
        -:  460:  int highScore;
        -:  461:  int currentPlayer;
        -:  462:
        -:  463:  //get score for each player
    #####:  464:  for (i = 0; i < MAX_PLAYERS; i++)
branch  0 never executed
branch  1 never executed
        -:  465:    {
        -:  466:      //set unused player scores to -9999
    #####:  467:      if (i >= state->numPlayers)
branch  0 never executed
branch  1 never executed
        -:  468:	{
    #####:  469:	  players[i] = -9999;
    #####:  470:	}
        -:  471:      else
        -:  472:	{
    #####:  473:	  players[i] = scoreFor (i, state);
        -:  474:	}
    #####:  475:    }
        -:  476:
        -:  477:  //find highest score
    #####:  478:  j = 0;
    #####:  479:  for (i = 0; i < MAX_PLAYERS; i++)
branch  0 never executed
branch  1 never executed
        -:  480:    {
    #####:  481:      if (players[i] > players[j])
branch  0 never executed
branch  1 never executed
        -:  482:	{
    #####:  483:	  j = i;
    #####:  484:	}
    #####:  485:    }
    #####:  486:  highScore = players[j];
        -:  487:
        -:  488:  //add 1 to players who had less turns
    #####:  489:  currentPlayer = whoseTurn(state);
    #####:  490:  for (i = 0; i < MAX_PLAYERS; i++)
branch  0 never executed
branch  1 never executed
        -:  491:    {
    #####:  492:      if ( players[i] == highScore && i > currentPlayer )
branch  0 never executed
branch  1 never executed
branch  2 never executed
branch  3 never executed
        -:  493:	{
    #####:  494:	  players[i]++;
    #####:  495:	}
    #####:  496:    }
        -:  497:
        -:  498:  //find new highest score
    #####:  499:  j = 0;
    #####:  500:  for (i = 0; i < MAX_PLAYERS; i++)
branch  0 never executed
branch  1 never executed
        -:  501:    {
    #####:  502:      if ( players[i] > players[j] )
branch  0 never executed
branch  1 never executed
        -:  503:	{
    #####:  504:	  j = i;
    #####:  505:	}
    #####:  506:    }
    #####:  507:  highScore = players[j];
        -:  508:
        -:  509:  //set winners in array to 1 and rest to 0
    #####:  510:  for (i = 0; i < MAX_PLAYERS; i++)
branch  0 never executed
branch  1 never executed
        -:  511:    {
    #####:  512:      if ( players[i] == highScore )
branch  0 never executed
branch  1 never executed
        -:  513:	{
    #####:  514:	  players[i] = 1;
    #####:  515:	}
        -:  516:      else
        -:  517:	{
    #####:  518:	  players[i] = 0;
        -:  519:	}
    #####:  520:    }
        -:  521:
    #####:  522:  return 0;
        -:  523:}
        -:  524:
function drawCard called 30866 returned 100% blocks executed 100%
        -:  525:int drawCard(int player, struct gameState *state)
        -:  526:{	int count;
        -:  527:  int deckCounter;
    30866:  528:  if (state->deckCount[player] <= 0){//Deck is empty
branch  0 taken 6%
branch  1 taken 94%
        -:  529:    
        -:  530:    //Step 1 Shuffle the discard pile back into a deck
        -:  531:    int i;
        -:  532:    //Move discard to deck
   188068:  533:    for (i = 0; i < state->discardCount[player];i++){
branch  0 taken 98%
branch  1 taken 2%
    92100:  534:      state->deck[player][i] = state->discard[player][i];
    92100:  535:      state->discard[player][i] = -1;
    92100:  536:    }
        -:  537:
     1934:  538:    state->deckCount[player] = state->discardCount[player];
     1934:  539:    state->discardCount[player] = 0;//Reset discard
        -:  540:
        -:  541:    //Shufffle the deck
     1934:  542:    shuffle(player, state);//Shuffle the deck up and make it so that we can draw
        -:  543:   
        -:  544:    if (DEBUG){//Debug statements
        -:  545:      printf("Deck count now: %d\n", state->deckCount[player]);
        -:  546:    }
        -:  547:    
     1934:  548:    state->discardCount[player] = 0;
        -:  549:
        -:  550:    //Step 2 Draw Card
     1934:  551:    count = state->handCount[player];//Get current player's hand count
        -:  552:    
        -:  553:    if (DEBUG){//Debug statements
        -:  554:      printf("Current hand count: %d\n", count);
        -:  555:    }
        -:  556:    
     1934:  557:    deckCounter = state->deckCount[player];//Create a holder for the deck count
        -:  558:
     1934:  559:    if (deckCounter == 0)
branch  0 taken 62%
branch  1 taken 38%
     1202:  560:      return -1;
        -:  561:
      732:  562:    state->hand[player][count] = state->deck[player][deckCounter - 1];//Add card to hand
      732:  563:    state->deckCount[player]--;
      732:  564:    state->handCount[player]++;//Increment hand count
      732:  565:  }
        -:  566:
        -:  567:  else{
    28932:  568:    int count = state->handCount[player];//Get current hand count for player
        -:  569:    int deckCounter;
        -:  570:    if (DEBUG){//Debug statements
        -:  571:      printf("Current hand count: %d\n", count);
        -:  572:    }
        -:  573:
    28932:  574:    deckCounter = state->deckCount[player];//Create holder for the deck count
    28932:  575:    state->hand[player][count] = state->deck[player][deckCounter - 1];//Add card to the hand
    28932:  576:    state->deckCount[player]--;
    28932:  577:    state->handCount[player]++;//Increment hand count
        -:  578:  }
        -:  579:
    29664:  580:  return 0;
    30866:  581:}
        -:  582:
function getCost called 0 returned 0% blocks executed 0%
        -:  583:int getCost(int cardNumber)
        -:  584:{
    #####:  585:  switch( cardNumber ) 
branch  0 never executed
branch  1 never executed
branch  2 never executed
branch  3 never executed
branch  4 never executed
branch  5 never executed
branch  6 never executed
branch  7 never executed
branch  8 never executed
branch  9 never executed
branch 10 never executed
branch 11 never executed
branch 12 never executed
branch 13 never executed
branch 14 never executed
branch 15 never executed
branch 16 never executed
branch 17 never executed
branch 18 never executed
branch 19 never executed
branch 20 never executed
branch 21 never executed
branch 22 never executed
branch 23 never executed
branch 24 never executed
branch 25 never executed
branch 26 never executed
branch 27 never executed
        -:  586:    {
        -:  587:    case curse:
    #####:  588:      return 0;
        -:  589:    case estate:
    #####:  590:      return 2;
        -:  591:    case duchy:
    #####:  592:      return 5;
        -:  593:    case province:
    #####:  594:      return 8;
        -:  595:    case copper:
    #####:  596:      return 0;
        -:  597:    case silver:
    #####:  598:      return 3;
        -:  599:    case gold:
    #####:  600:      return 6;
        -:  601:    case adventurer:
    #####:  602:      return 6;
        -:  603:    case council_room:
    #####:  604:      return 5;
        -:  605:    case feast:
    #####:  606:      return 4;
        -:  607:    case gardens:
    #####:  608:      return 4;
        -:  609:    case mine:
    #####:  610:      return 5;
        -:  611:    case remodel:
    #####:  612:      return 4;
        -:  613:    case smithy:
    #####:  614:      return 4;
        -:  615:    case village:
    #####:  616:      return 3;
        -:  617:    case baron:
    #####:  618:      return 4;
        -:  619:    case great_hall:
    #####:  620:      return 3;
        -:  621:    case minion:
    #####:  622:      return 5;
        -:  623:    case steward:
    #####:  624:      return 3;
        -:  625:    case tribute:
    #####:  626:      return 5;
        -:  627:    case ambassador:
    #####:  628:      return 3;
        -:  629:    case cutpurse:
    #####:  630:      return 4;
        -:  631:    case embargo: 
    #####:  632:      return 2;
        -:  633:    case outpost:
    #####:  634:      return 5;
        -:  635:    case salvager:
    #####:  636:      return 4;
        -:  637:    case sea_hag:
    #####:  638:      return 4;
        -:  639:    case treasure_map:
    #####:  640:      return 4;
        -:  641:    }
        -:  642:	
    #####:  643:  return -1;
    #####:  644:}
function altSmithy called 2000 returned 100% blocks executed 100%
        -:  645:int altSmithy(int currentPlayer, struct gameState *state, int handPos) {
        -:  646:    //+3 Cards
        -:  647:    int i;
    20000:  648:    for (i = 0; i <= 3; i++) //This should be < not <= a common mistake
branch  0 taken 80%
branch  1 taken 20%
        -:  649:    {
     8000:  650:        drawCard(currentPlayer, state);
     8000:  651:    }
        -:  652:    
        -:  653:    //discard card from hand
     2000:  654:    discardCard(handPos, currentPlayer, state, 0);
     2000:  655:    return 0;
        -:  656:}
        -:  657:
function altAdventurer called 300 returned 100% blocks executed 100%
        -:  658:int altAdventurer(int currentPlayer, struct gameState *state){
        -:  659:    
        -:  660:    int temphand[MAX_HAND];
      300:  661:    int drawntreasure=0;
        -:  662:    int cardDrawn;
      300:  663:    int z = 0;
        -:  664:    
    11992:  665:    while(drawntreasure<2){
branch  0 taken 95%
branch  1 taken 5%
     5696:  666:        if (state->deckCount[currentPlayer] <1){//if the deck is empty we need to shuffle discard and add to deck
branch  0 taken 22%
branch  1 taken 78%
     1226:  667:            shuffle(currentPlayer, state);
     1226:  668:        }
     5696:  669:        drawCard(currentPlayer, state);
     5696:  670:        cardDrawn = state->hand[currentPlayer][state->handCount[currentPlayer]-1];//top card of hand is most recently drawn card.
    16528:  671:        if (cardDrawn == copper || cardDrawn == silver || cardDrawn == gold) //mine is not a treasure card
branch  0 taken 97%
branch  1 taken 3%
branch  2 taken 97%
branch  3 taken 3%
branch  4 taken 4%
branch  5 taken 96%
      600:  672:            drawntreasure++;
        -:  673:        else{
     5096:  674:            temphand[z]=cardDrawn;
     5096:  675:            state->handCount[currentPlayer]--; //this should just remove the top card (the most recently drawn one).
     5096:  676:            z++;
        -:  677:        }
        -:  678:    }
    10792:  679:    while(z-1>=0){
branch  0 taken 94%
branch  1 taken 6%
     5096:  680:        state->discard[currentPlayer][state->discardCount[currentPlayer]++]=temphand[z-1]; // discard all cards in play that have been drawn
     5096:  681:        z=z-1;
        -:  682:    }
      300:  683:    return 0;
        -:  684:}
        -:  685:
function altVillage called 0 returned 0% blocks executed 0%
        -:  686:int altVillage(int currentPlayer, struct gameState *state, int handPos) {
        -:  687:    
    #####:  688:    drawCard(currentPlayer, state);
        -:  689:    
        -:  690:    //+2 Actions
    #####:  691:    state->numActions = state->numBuys + 2; //this should be state->numActions + 2
        -:  692:    
        -:  693:    //discard played card from hand
    #####:  694:    discardCard(handPos, currentPlayer, state, 0);
    #####:  695:    return 0;
        -:  696:    
        -:  697:}
        -:  698:
function altSeaHag called 2000 returned 100% blocks executed 100%
        -:  699:int altSeaHag(int currentPlayer, struct gameState *state) {
        -:  700:    
        -:  701:    int i;
        -:  702:    
    16032:  703:    for (i = 0; i < state->numPlayers; i++){
branch  0 taken 75%
branch  1 taken 25%
        -:  704:        //if (i != currentPlayer){
     6016:  705:            state->discard[i][state->discardCount[i]] = state->deck[i][state->deckCount[i]--];
     6016:  706:            state->deckCount[i]--;
     6016:  707:            state->discardCount[i]++;
     6016:  708:            state->deck[i][state->deckCount[i]--] = curse;//Top card now a curse
        -:  709:        //}  //the seahag will now effect every player including the current player
     6016:  710:    }
     2000:  711:    return 0;
        -:  712:}
        -:  713:
function altGreatHall called 0 returned 0% blocks executed 0%
        -:  714:int altGreatHall(int currentPlayer, struct gameState *state, int handPos) {
        -:  715:    
        -:  716:    //+1 Card
    #####:  717:    drawCard(currentPlayer, state);
        -:  718:    
        -:  719:    //+1 Actions
    #####:  720:    state->numActions++;
        -:  721:    
        -:  722:    //discard card from hand
    #####:  723:    discardCard(handPos, currentPlayer, state, 0);
    #####:  724:    return 0;
        -:  725:    
        -:  726:}
        -:  727:
        -:  728:
function cardEffect called 4300 returned 100% blocks executed 7%
        -:  729:int cardEffect(int card, int choice1, int choice2, int choice3, struct gameState *state, int handPos, int *bonus)
        -:  730:{
        -:  731:  int i;
        -:  732:  int j;
        -:  733:  int k;
        -:  734:  int x;
        -:  735:  int index;
     4300:  736:  int currentPlayer = whoseTurn(state);
     4300:  737:  int nextPlayer = currentPlayer + 1;
        -:  738:
     4300:  739:  int tributeRevealedCards[2] = {-1, -1};
        -:  740:  int temphand[MAX_HAND];// moved above the if statement
     4300:  741:  int drawntreasure=0;
        -:  742:  int cardDrawn;
     4300:  743:  int z = 0;// this is the counter for the temp hand
     4300:  744:  if (nextPlayer > (state->numPlayers - 1)){
branch  0 taken 100%
branch  1 taken 0%
     4300:  745:    nextPlayer = 0;
     4300:  746:  }
    10600:  747:    if (card == smithy || card == adventurer || card == village || card == sea_hag || card == great_hall) {
branch  0 taken 53%
branch  1 taken 47%
branch  2 taken 87%
branch  3 taken 13%
branch  4 taken 100%
branch  5 taken 0%
branch  6 taken 0%
branch  7 taken 100%
branch  8 never executed
branch  9 never executed
        -:  748:        
     4300:  749:        if (card == smithy) {
branch  0 taken 47%
branch  1 taken 53%
        -:  750:            
     2000:  751:            altSmithy(currentPlayer, state, handPos);
     2000:  752:        }
        -:  753:        
     2300:  754:        else if (card == adventurer) {
branch  0 taken 13%
branch  1 taken 87%
        -:  755:            
      300:  756:            altAdventurer(currentPlayer, state);
      300:  757:        }
        -:  758:        
     2000:  759:        else if (card == village) {
branch  0 taken 0%
branch  1 taken 100%
        -:  760:            
    #####:  761:            altVillage(currentPlayer, state, handPos);
    #####:  762:        }
     2000:  763:        else if (card == sea_hag) {
branch  0 taken 100%
branch  1 taken 0%
        -:  764:            
     2000:  765:            altSeaHag(currentPlayer, state);
     2000:  766:        }
        -:  767:        
        -:  768:        else {
        -:  769:            
    #####:  770:            altGreatHall(currentPlayer, state, handPos);
        -:  771:        }
     4300:  772:    }
        -:  773:	
        -:  774:  //uses switch to select card and perform actions
        -:  775:    else {
    #####:  776:  switch( card ) 
branch  0 never executed
branch  1 never executed
branch  2 never executed
branch  3 never executed
branch  4 never executed
branch  5 never executed
branch  6 never executed
branch  7 never executed
branch  8 never executed
branch  9 never executed
branch 10 never executed
branch 11 never executed
branch 12 never executed
branch 13 never executed
branch 14 never executed
branch 15 never executed
branch 16 never executed
branch 17 never executed
branch 18 never executed
branch 19 never executed
branch 20 never executed
        -:  777:    {
        -:  778:    case adventurer:
    #####:  779:      while(drawntreasure<2){
branch  0 never executed
branch  1 never executed
    #####:  780:	if (state->deckCount[currentPlayer] <1){//if the deck is empty we need to shuffle discard and add to deck
branch  0 never executed
branch  1 never executed
    #####:  781:	  shuffle(currentPlayer, state);
    #####:  782:	}
    #####:  783:	drawCard(currentPlayer, state);
    #####:  784:	cardDrawn = state->hand[currentPlayer][state->handCount[currentPlayer]-1];//top card of hand is most recently drawn card.
    #####:  785:	if (cardDrawn == copper || cardDrawn == silver || cardDrawn == gold)
branch  0 never executed
branch  1 never executed
branch  2 never executed
branch  3 never executed
branch  4 never executed
branch  5 never executed
    #####:  786:	  drawntreasure++;
        -:  787:	else{
    #####:  788:	  temphand[z]=cardDrawn;
    #####:  789:	  state->handCount[currentPlayer]--; //this should just remove the top card (the most recently drawn one).
    #####:  790:	  z++;
        -:  791:	}
        -:  792:      }
    #####:  793:      while(z-1>=0){
branch  0 never executed
branch  1 never executed
    #####:  794:	state->discard[currentPlayer][state->discardCount[currentPlayer]++]=temphand[z-1]; // discard all cards in play that have been drawn
    #####:  795:	z=z-1;
        -:  796:      }
    #####:  797:      return 0;
        -:  798:			
        -:  799:    case council_room:
        -:  800:      //+4 Cards
    #####:  801:      for (i = 0; i < 4; i++)
branch  0 never executed
branch  1 never executed
        -:  802:	{
    #####:  803:	  drawCard(currentPlayer, state);
    #####:  804:	}
        -:  805:			
        -:  806:      //+1 Buy
    #####:  807:      state->numBuys++;
        -:  808:			
        -:  809:      //Each other player draws a card
    #####:  810:      for (i = 0; i < state->numPlayers; i++)
branch  0 never executed
branch  1 never executed
        -:  811:	{
    #####:  812:	  if ( i != currentPlayer )
branch  0 never executed
branch  1 never executed
        -:  813:	    {
    #####:  814:	      drawCard(i, state);
    #####:  815:	    }
    #####:  816:	}
        -:  817:			
        -:  818:      //put played card in played card pile
    #####:  819:      discardCard(handPos, currentPlayer, state, 0);
        -:  820:			
    #####:  821:      return 0;
        -:  822:			
        -:  823:    case feast:
        -:  824:      //gain card with cost up to 5
        -:  825:      //Backup hand
    #####:  826:      for (i = 0; i <= state->handCount[currentPlayer]; i++){
branch  0 never executed
branch  1 never executed
    #####:  827:	temphand[i] = state->hand[currentPlayer][i];//Backup card
    #####:  828:	state->hand[currentPlayer][i] = -1;//Set to nothing
    #####:  829:      }
        -:  830:      //Backup hand
        -:  831:
        -:  832:      //Update Coins for Buy
    #####:  833:      updateCoins(currentPlayer, state, 5);
    #####:  834:      x = 1;//Condition to loop on
    #####:  835:      while( x == 1) {//Buy one card
branch  0 never executed
branch  1 never executed
    #####:  836:	if (supplyCount(choice1, state) <= 0){
branch  0 never executed
branch  1 never executed
        -:  837:	  if (DEBUG)
        -:  838:	    printf("None of that card left, sorry!\n");
        -:  839:
        -:  840:	  if (DEBUG){
        -:  841:	    printf("Cards Left: %d\n", supplyCount(choice1, state));
        -:  842:	  }
    #####:  843:	}
    #####:  844:	else if (state->coins < getCost(choice1)){
branch  0 never executed
branch  1 never executed
    #####:  845:	  printf("That card is too expensive!\n");
        -:  846:
        -:  847:	  if (DEBUG){
        -:  848:	    printf("Coins: %d < %d\n", state->coins, getCost(choice1));
        -:  849:	  }
    #####:  850:	}
        -:  851:	else{
        -:  852:
        -:  853:	  if (DEBUG){
        -:  854:	    printf("Deck Count: %d\n", state->handCount[currentPlayer] + state->deckCount[currentPlayer] + state->discardCount[currentPlayer]);
        -:  855:	  }
        -:  856:
    #####:  857:	  gainCard(choice1, state, 0, currentPlayer);//Gain the card
    #####:  858:	  x = 0;//No more buying cards
        -:  859:
        -:  860:	  if (DEBUG){
        -:  861:	    printf("Deck Count: %d\n", state->handCount[currentPlayer] + state->deckCount[currentPlayer] + state->discardCount[currentPlayer]);
        -:  862:	  }
        -:  863:
        -:  864:	}
        -:  865:      }     
        -:  866:
        -:  867:      //Reset Hand
    #####:  868:      for (i = 0; i <= state->handCount[currentPlayer]; i++){
branch  0 never executed
branch  1 never executed
    #####:  869:	state->hand[currentPlayer][i] = temphand[i];
    #####:  870:	temphand[i] = -1;
    #####:  871:      }
        -:  872:      //Reset Hand
        -:  873:      			
    #####:  874:      return 0;
        -:  875:			
        -:  876:    case gardens:
    #####:  877:      return -1;
        -:  878:			
        -:  879:    case mine:
    #####:  880:      j = state->hand[currentPlayer][choice1];  //store card we will trash
        -:  881:
    #####:  882:      if (state->hand[currentPlayer][choice1] < copper || state->hand[currentPlayer][choice1] > gold)
branch  0 never executed
branch  1 never executed
branch  2 never executed
branch  3 never executed
        -:  883:	{
    #####:  884:	  return -1;
        -:  885:	}
        -:  886:		
    #####:  887:      if (choice2 > treasure_map || choice2 < curse)
branch  0 never executed
branch  1 never executed
branch  2 never executed
branch  3 never executed
        -:  888:	{
    #####:  889:	  return -1;
        -:  890:	}
        -:  891:
    #####:  892:      if ( (getCost(state->hand[currentPlayer][choice1]) + 3) > getCost(choice2) )
branch  0 never executed
branch  1 never executed
        -:  893:	{
    #####:  894:	  return -1;
        -:  895:	}
        -:  896:
    #####:  897:      gainCard(choice2, state, 2, currentPlayer);
        -:  898:
        -:  899:      //discard card from hand
    #####:  900:      discardCard(handPos, currentPlayer, state, 0);
        -:  901:
        -:  902:      //discard trashed card
    #####:  903:      for (i = 0; i < state->handCount[currentPlayer]; i++)
branch  0 never executed
branch  1 never executed
        -:  904:	{
    #####:  905:	  if (state->hand[currentPlayer][i] == j)
branch  0 never executed
branch  1 never executed
        -:  906:	    {
    #####:  907:	      discardCard(i, currentPlayer, state, 0);			
    #####:  908:	      break;
        -:  909:	    }
    #####:  910:	}
        -:  911:			
    #####:  912:      return 0;
        -:  913:			
        -:  914:    case remodel:
    #####:  915:      j = state->hand[currentPlayer][choice1];  //store card we will trash
        -:  916:
    #####:  917:      if ( (getCost(state->hand[currentPlayer][choice1]) + 2) > getCost(choice2) )
branch  0 never executed
branch  1 never executed
        -:  918:	{
    #####:  919:	  return -1;
        -:  920:	}
        -:  921:
    #####:  922:      gainCard(choice2, state, 0, currentPlayer);
        -:  923:
        -:  924:      //discard card from hand
    #####:  925:      discardCard(handPos, currentPlayer, state, 0);
        -:  926:
        -:  927:      //discard trashed card
    #####:  928:      for (i = 0; i < state->handCount[currentPlayer]; i++)
branch  0 never executed
branch  1 never executed
        -:  929:	{
    #####:  930:	  if (state->hand[currentPlayer][i] == j)
branch  0 never executed
branch  1 never executed
        -:  931:	    {
    #####:  932:	      discardCard(i, currentPlayer, state, 0);			
    #####:  933:	      break;
        -:  934:	    }
    #####:  935:	}
        -:  936:
        -:  937:
    #####:  938:      return 0;
        -:  939:		
        -:  940:    case smithy:
        -:  941:      //+3 Cards
    #####:  942:      for (i = 0; i < 3; i++)
branch  0 never executed
branch  1 never executed
        -:  943:	{
    #####:  944:	  drawCard(currentPlayer, state);
    #####:  945:	}
        -:  946:			
        -:  947:      //discard card from hand
    #####:  948:      discardCard(handPos, currentPlayer, state, 0);
    #####:  949:      return 0;
        -:  950:		
        -:  951:    case village:
        -:  952:      //+1 Card
    #####:  953:      drawCard(currentPlayer, state);
        -:  954:			
        -:  955:      //+2 Actions
    #####:  956:      state->numActions = state->numActions + 2;
        -:  957:			
        -:  958:      //discard played card from hand
    #####:  959:      discardCard(handPos, currentPlayer, state, 0);
    #####:  960:      return 0;
        -:  961:		
        -:  962:    case baron:
    #####:  963:      state->numBuys++;//Increase buys by 1!
    #####:  964:      if (choice1 > 0){//Boolean true or going to discard an estate
branch  0 never executed
branch  1 never executed
    #####:  965:	int p = 0;//Iterator for hand!
    #####:  966:	int card_not_discarded = 1;//Flag for discard set!
    #####:  967:	while(card_not_discarded){
branch  0 never executed
branch  1 never executed
    #####:  968:	  if (state->hand[currentPlayer][p] == estate){//Found an estate card!
branch  0 never executed
branch  1 never executed
    #####:  969:	    state->coins += 4;//Add 4 coins to the amount of coins
    #####:  970:	    state->discard[currentPlayer][state->discardCount[currentPlayer]] = state->hand[currentPlayer][p];
    #####:  971:	    state->discardCount[currentPlayer]++;
    #####:  972:	    for (;p < state->handCount[currentPlayer]; p++){
branch  0 never executed
branch  1 never executed
    #####:  973:	      state->hand[currentPlayer][p] = state->hand[currentPlayer][p+1];
    #####:  974:	    }
    #####:  975:	    state->hand[currentPlayer][state->handCount[currentPlayer]] = -1;
    #####:  976:	    state->handCount[currentPlayer]--;
    #####:  977:	    card_not_discarded = 0;//Exit the loop
    #####:  978:	  }
    #####:  979:	  else if (p > state->handCount[currentPlayer]){
branch  0 never executed
branch  1 never executed
        -:  980:	    if(DEBUG) {
        -:  981:	      printf("No estate cards in your hand, invalid choice\n");
        -:  982:	      printf("Must gain an estate if there are any\n");
        -:  983:	    }
    #####:  984:	    if (supplyCount(estate, state) > 0){
branch  0 never executed
branch  1 never executed
    #####:  985:	      gainCard(estate, state, 0, currentPlayer);
    #####:  986:	      state->supplyCount[estate]--;//Decrement estates
    #####:  987:	      if (supplyCount(estate, state) == 0){
branch  0 never executed
branch  1 never executed
    #####:  988:		isGameOver(state);
    #####:  989:	      }
    #####:  990:	    }
    #####:  991:	    card_not_discarded = 0;//Exit the loop
    #####:  992:	  }
        -:  993:			    
        -:  994:	  else{
    #####:  995:	    p++;//Next card
        -:  996:	  }
        -:  997:	}
    #####:  998:      }
        -:  999:			    
        -: 1000:      else{
    #####: 1001:	if (supplyCount(estate, state) > 0){
branch  0 never executed
branch  1 never executed
    #####: 1002:	  gainCard(estate, state, 0, currentPlayer);//Gain an estate
    #####: 1003:	  state->supplyCount[estate]--;//Decrement Estates
    #####: 1004:	  if (supplyCount(estate, state) == 0){
branch  0 never executed
branch  1 never executed
    #####: 1005:	    isGameOver(state);
    #####: 1006:	  }
    #####: 1007:	}
        -: 1008:      }
        -: 1009:	    
        -: 1010:      
    #####: 1011:      return 0;
        -: 1012:		
        -: 1013:    case great_hall:
        -: 1014:      //+1 Card
    #####: 1015:      drawCard(currentPlayer, state);
        -: 1016:			
        -: 1017:      //+1 Actions
    #####: 1018:      state->numActions++;
        -: 1019:			
        -: 1020:      //discard card from hand
    #####: 1021:      discardCard(handPos, currentPlayer, state, 0);
    #####: 1022:      return 0;
        -: 1023:		
        -: 1024:    case minion:
        -: 1025:      //+1 action
    #####: 1026:      state->numActions++;
        -: 1027:			
        -: 1028:      //discard card from hand
    #####: 1029:      discardCard(handPos, currentPlayer, state, 0);
        -: 1030:			
    #####: 1031:      if (choice1)		//+2 coins
branch  0 never executed
branch  1 never executed
        -: 1032:	{
    #####: 1033:	  state->coins = state->coins + 2;
    #####: 1034:	}
        -: 1035:			
    #####: 1036:      else if (choice2)		//discard hand, redraw 4, other players with 5+ cards discard hand and draw 4
branch  0 never executed
branch  1 never executed
        -: 1037:	{
        -: 1038:	  //discard hand
    #####: 1039:	  while(numHandCards(state) > 0)
branch  0 never executed
branch  1 never executed
        -: 1040:	    {
    #####: 1041:	      discardCard(handPos, currentPlayer, state, 0);
        -: 1042:	    }
        -: 1043:				
        -: 1044:	  //draw 4
    #####: 1045:	  for (i = 0; i < 4; i++)
branch  0 never executed
branch  1 never executed
        -: 1046:	    {
    #####: 1047:	      drawCard(currentPlayer, state);
    #####: 1048:	    }
        -: 1049:				
        -: 1050:	  //other players discard hand and redraw if hand size > 4
    #####: 1051:	  for (i = 0; i < state->numPlayers; i++)
branch  0 never executed
branch  1 never executed
        -: 1052:	    {
    #####: 1053:	      if (i != currentPlayer)
branch  0 never executed
branch  1 never executed
        -: 1054:		{
    #####: 1055:		  if ( state->handCount[i] > 4 )
branch  0 never executed
branch  1 never executed
        -: 1056:		    {
        -: 1057:		      //discard hand
    #####: 1058:		      while( state->handCount[i] > 0 )
branch  0 never executed
branch  1 never executed
        -: 1059:			{
    #####: 1060:			  discardCard(handPos, i, state, 0);
        -: 1061:			}
        -: 1062:							
        -: 1063:		      //draw 4
    #####: 1064:		      for (j = 0; j < 4; j++)
branch  0 never executed
branch  1 never executed
        -: 1065:			{
    #####: 1066:			  drawCard(i, state);
    #####: 1067:			}
    #####: 1068:		    }
    #####: 1069:		}
    #####: 1070:	    }
        -: 1071:				
    #####: 1072:	}
    #####: 1073:      return 0;
        -: 1074:		
        -: 1075:    case steward:
    #####: 1076:      if (choice1 == 1)
branch  0 never executed
branch  1 never executed
        -: 1077:	{
        -: 1078:	  //+2 cards
    #####: 1079:	  drawCard(currentPlayer, state);
    #####: 1080:	  drawCard(currentPlayer, state);
    #####: 1081:	}
    #####: 1082:      else if (choice1 == 2)
branch  0 never executed
branch  1 never executed
        -: 1083:	{
        -: 1084:	  //+2 coins
    #####: 1085:	  state->coins = state->coins + 2;
    #####: 1086:	}
        -: 1087:      else
        -: 1088:	{
        -: 1089:	  //trash 2 cards in hand
    #####: 1090:	  discardCard(choice2, currentPlayer, state, 1);
    #####: 1091:	  discardCard(choice3, currentPlayer, state, 1);
        -: 1092:	}
        -: 1093:			
        -: 1094:      //discard card from hand
    #####: 1095:      discardCard(handPos, currentPlayer, state, 0);
    #####: 1096:      return 0;
        -: 1097:		
        -: 1098:    case tribute:
    #####: 1099:      if ((state->discardCount[nextPlayer] + state->deckCount[nextPlayer]) <= 1){
branch  0 never executed
branch  1 never executed
    #####: 1100:	if (state->deckCount[nextPlayer] > 0){
branch  0 never executed
branch  1 never executed
    #####: 1101:	  tributeRevealedCards[0] = state->deck[nextPlayer][state->deckCount[nextPlayer]-1];
    #####: 1102:	  state->deckCount[nextPlayer]--;
    #####: 1103:	}
    #####: 1104:	else if (state->discardCount[nextPlayer] > 0){
branch  0 never executed
branch  1 never executed
    #####: 1105:	  tributeRevealedCards[0] = state->discard[nextPlayer][state->discardCount[nextPlayer]-1];
    #####: 1106:	  state->discardCount[nextPlayer]--;
    #####: 1107:	}
        -: 1108:	else{
        -: 1109:	  //No Card to Reveal
        -: 1110:	  if (DEBUG){
        -: 1111:	    printf("No cards to reveal\n");
        -: 1112:	  }
        -: 1113:	}
    #####: 1114:      }
        -: 1115:	    
        -: 1116:      else{
    #####: 1117:	if (state->deckCount[nextPlayer] == 0){
branch  0 never executed
branch  1 never executed
    #####: 1118:	  for (i = 0; i < state->discardCount[nextPlayer]; i++){
branch  0 never executed
branch  1 never executed
    #####: 1119:	    state->deck[nextPlayer][i] = state->discard[nextPlayer][i];//Move to deck
    #####: 1120:	    state->deckCount[nextPlayer]++;
    #####: 1121:	    state->discard[nextPlayer][i] = -1;
    #####: 1122:	    state->discardCount[nextPlayer]--;
    #####: 1123:	  }
        -: 1124:			    
    #####: 1125:	  shuffle(nextPlayer,state);//Shuffle the deck
    #####: 1126:	} 
    #####: 1127:	tributeRevealedCards[0] = state->deck[nextPlayer][state->deckCount[nextPlayer]-1];
    #####: 1128:	state->deck[nextPlayer][state->deckCount[nextPlayer]--] = -1;
    #####: 1129:	state->deckCount[nextPlayer]--;
    #####: 1130:	tributeRevealedCards[1] = state->deck[nextPlayer][state->deckCount[nextPlayer]-1];
    #####: 1131:	state->deck[nextPlayer][state->deckCount[nextPlayer]--] = -1;
    #####: 1132:	state->deckCount[nextPlayer]--;
        -: 1133:      }    
        -: 1134:		       
    #####: 1135:      if (tributeRevealedCards[0] == tributeRevealedCards[1]){//If we have a duplicate card, just drop one 
branch  0 never executed
branch  1 never executed
    #####: 1136:	state->playedCards[state->playedCardCount] = tributeRevealedCards[1];
    #####: 1137:	state->playedCardCount++;
    #####: 1138:	tributeRevealedCards[1] = -1;
    #####: 1139:      }
        -: 1140:
    #####: 1141:      for (i = 0; i <= 2; i ++){
branch  0 never executed
branch  1 never executed
    #####: 1142:	if (tributeRevealedCards[i] == copper || tributeRevealedCards[i] == silver || tributeRevealedCards[i] == gold){//Treasure cards
branch  0 never executed
branch  1 never executed
branch  2 never executed
branch  3 never executed
branch  4 never executed
branch  5 never executed
    #####: 1143:	  state->coins += 2;
    #####: 1144:	}
        -: 1145:		    
    #####: 1146:	else if (tributeRevealedCards[i] == estate || tributeRevealedCards[i] == duchy || tributeRevealedCards[i] == province || tributeRevealedCards[i] == gardens || tributeRevealedCards[i] == great_hall){//Victory Card Found
branch  0 never executed
branch  1 never executed
branch  2 never executed
branch  3 never executed
branch  4 never executed
branch  5 never executed
branch  6 never executed
branch  7 never executed
branch  8 never executed
branch  9 never executed
    #####: 1147:	  drawCard(currentPlayer, state);
    #####: 1148:	  drawCard(currentPlayer, state);
    #####: 1149:	}
        -: 1150:	else{//Action Card
    #####: 1151:	  state->numActions = state->numActions + 2;
        -: 1152:	}
    #####: 1153:      }
        -: 1154:	    
    #####: 1155:      return 0;
        -: 1156:		
        -: 1157:    case ambassador:
    #####: 1158:      j = 0;		//used to check if player has enough cards to discard
        -: 1159:
    #####: 1160:      if (choice2 > 2 || choice2 < 0)
branch  0 never executed
branch  1 never executed
branch  2 never executed
branch  3 never executed
        -: 1161:	{
    #####: 1162:	  return -1;				
        -: 1163:	}
        -: 1164:
    #####: 1165:      if (choice1 == handPos)
branch  0 never executed
branch  1 never executed
        -: 1166:	{
    #####: 1167:	  return -1;
        -: 1168:	}
        -: 1169:
    #####: 1170:      for (i = 0; i < state->handCount[currentPlayer]; i++)
branch  0 never executed
branch  1 never executed
        -: 1171:	{
    #####: 1172:	  if (i != handPos && i == state->hand[currentPlayer][choice1] && i != choice1)
branch  0 never executed
branch  1 never executed
branch  2 never executed
branch  3 never executed
branch  4 never executed
branch  5 never executed
        -: 1173:	    {
    #####: 1174:	      j++;
    #####: 1175:	    }
    #####: 1176:	}
    #####: 1177:      if (j < choice2)
branch  0 never executed
branch  1 never executed
        -: 1178:	{
    #####: 1179:	  return -1;				
        -: 1180:	}
        -: 1181:
        -: 1182:      if (DEBUG) 
        -: 1183:	printf("Player %d reveals card number: %d\n", currentPlayer, state->hand[currentPlayer][choice1]);
        -: 1184:
        -: 1185:      //increase supply count for choosen card by amount being discarded
    #####: 1186:      state->supplyCount[state->hand[currentPlayer][choice1]] += choice2;
        -: 1187:			
        -: 1188:      //each other player gains a copy of revealed card
    #####: 1189:      for (i = 0; i < state->numPlayers; i++)
branch  0 never executed
branch  1 never executed
        -: 1190:	{
    #####: 1191:	  if (i != currentPlayer)
branch  0 never executed
branch  1 never executed
        -: 1192:	    {
    #####: 1193:	      gainCard(state->hand[currentPlayer][choice1], state, 0, i);
    #####: 1194:	    }
    #####: 1195:	}
        -: 1196:
        -: 1197:      //discard played card from hand
    #####: 1198:      discardCard(handPos, currentPlayer, state, 0);			
        -: 1199:
        -: 1200:      //trash copies of cards returned to supply
    #####: 1201:      for (j = 0; j < choice2; j++)
branch  0 never executed
branch  1 never executed
        -: 1202:	{
    #####: 1203:	  for (i = 0; i < state->handCount[currentPlayer]; i++)
branch  0 never executed
branch  1 never executed
        -: 1204:	    {
    #####: 1205:	      if (state->hand[currentPlayer][i] == state->hand[currentPlayer][choice1])
branch  0 never executed
branch  1 never executed
        -: 1206:		{
    #####: 1207:		  discardCard(i, currentPlayer, state, 1);
    #####: 1208:		  break;
        -: 1209:		}
    #####: 1210:	    }
    #####: 1211:	}			
        -: 1212:
    #####: 1213:      return 0;
        -: 1214:		
        -: 1215:    case cutpurse:
        -: 1216:
    #####: 1217:      updateCoins(currentPlayer, state, 2);
    #####: 1218:      for (i = 0; i < state->numPlayers; i++)
branch  0 never executed
branch  1 never executed
        -: 1219:	{
    #####: 1220:	  if (i != currentPlayer)
branch  0 never executed
branch  1 never executed
        -: 1221:	    {
    #####: 1222:	      for (j = 0; j < state->handCount[i]; j++)
branch  0 never executed
branch  1 never executed
        -: 1223:		{
    #####: 1224:		  if (state->hand[i][j] == copper)
branch  0 never executed
branch  1 never executed
        -: 1225:		    {
    #####: 1226:		      discardCard(j, i, state, 0);
    #####: 1227:		      break;
        -: 1228:		    }
    #####: 1229:		  if (j == state->handCount[i])
branch  0 never executed
branch  1 never executed
        -: 1230:		    {
    #####: 1231:		      for (k = 0; k < state->handCount[i]; k++)
branch  0 never executed
branch  1 never executed
        -: 1232:			{
        -: 1233:			  if (DEBUG)
        -: 1234:			    printf("Player %d reveals card number %d\n", i, state->hand[i][k]);
    #####: 1235:			}	
    #####: 1236:		      break;
        -: 1237:		    }		
    #####: 1238:		}
        -: 1239:					
    #####: 1240:	    }
        -: 1241:				
    #####: 1242:	}				
        -: 1243:
        -: 1244:      //discard played card from hand
    #####: 1245:      discardCard(handPos, currentPlayer, state, 0);			
        -: 1246:
    #####: 1247:      return 0;
        -: 1248:
        -: 1249:		
        -: 1250:    case embargo: 
        -: 1251:      //+2 Coins
    #####: 1252:      state->coins = state->coins + 2;
        -: 1253:			
        -: 1254:      //see if selected pile is in play
    #####: 1255:      if ( state->supplyCount[choice1] == -1 )
branch  0 never executed
branch  1 never executed
        -: 1256:	{
    #####: 1257:	  return -1;
        -: 1258:	}
        -: 1259:			
        -: 1260:      //add embargo token to selected supply pile
    #####: 1261:      state->embargoTokens[choice1]++;
        -: 1262:			
        -: 1263:      //trash card
    #####: 1264:      discardCard(handPos, currentPlayer, state, 1);		
    #####: 1265:      return 0;
        -: 1266:		
        -: 1267:    case outpost:
        -: 1268:      //set outpost flag
    #####: 1269:      state->outpostPlayed++;
        -: 1270:			
        -: 1271:      //discard card
    #####: 1272:      discardCard(handPos, currentPlayer, state, 0);
    #####: 1273:      return 0;
        -: 1274:		
        -: 1275:    case salvager:
        -: 1276:      //+1 buy
    #####: 1277:      state->numBuys++;
        -: 1278:			
    #####: 1279:      if (choice1)
branch  0 never executed
branch  1 never executed
        -: 1280:	{
        -: 1281:	  //gain coins equal to trashed card
    #####: 1282:	  state->coins = state->coins + getCost( handCard(choice1, state) );
        -: 1283:	  //trash card
    #####: 1284:	  discardCard(choice1, currentPlayer, state, 1);	
    #####: 1285:	}
        -: 1286:			
        -: 1287:      //discard card
    #####: 1288:      discardCard(handPos, currentPlayer, state, 0);
    #####: 1289:      return 0;
        -: 1290:		
        -: 1291:    case sea_hag:
    #####: 1292:      for (i = 0; i < state->numPlayers; i++){
branch  0 never executed
branch  1 never executed
    #####: 1293:	if (i != currentPlayer){
branch  0 never executed
branch  1 never executed
    #####: 1294:	  state->discard[i][state->discardCount[i]] = state->deck[i][state->deckCount[i]--];			    state->deckCount[i]--;
    #####: 1295:	  state->discardCount[i]++;
    #####: 1296:	  state->deck[i][state->deckCount[i]--] = curse;//Top card now a curse
    #####: 1297:	}
    #####: 1298:      }
    #####: 1299:      return 0;
        -: 1300:		
        -: 1301:    case treasure_map:
        -: 1302:      //search hand for another treasure_map
    #####: 1303:      index = -1;
    #####: 1304:      for (i = 0; i < state->handCount[currentPlayer]; i++)
branch  0 never executed
branch  1 never executed
        -: 1305:	{
    #####: 1306:	  if (state->hand[currentPlayer][i] == treasure_map && i != handPos)
branch  0 never executed
branch  1 never executed
branch  2 never executed
branch  3 never executed
        -: 1307:	    {
    #####: 1308:	      index = i;
    #####: 1309:	      break;
        -: 1310:	    }
    #####: 1311:	}
    #####: 1312:      if (index > -1)
branch  0 never executed
branch  1 never executed
        -: 1313:	{
        -: 1314:	  //trash both treasure cards
    #####: 1315:	  discardCard(handPos, currentPlayer, state, 1);
    #####: 1316:	  discardCard(index, currentPlayer, state, 1);
        -: 1317:
        -: 1318:	  //gain 4 Gold cards
    #####: 1319:	  for (i = 0; i < 4; i++)
branch  0 never executed
branch  1 never executed
        -: 1320:	    {
    #####: 1321:	      gainCard(gold, state, 1, currentPlayer);
    #####: 1322:	    }
        -: 1323:				
        -: 1324:	  //return success
    #####: 1325:	  return 1;
        -: 1326:	}
        -: 1327:			
        -: 1328:      //no second treasure_map found in hand
    #####: 1329:      return -1;
        -: 1330:    }
        -: 1331:    }
        -: 1332:	
     4300: 1333:  return -1;
     4300: 1334:}
        -: 1335:
        -: 1336:
        -: 1337:
function discardCard called 2000 returned 100% blocks executed 80%
        -: 1338:int discardCard(int handPos, int currentPlayer, struct gameState *state, int trashFlag)
        -: 1339:{
        -: 1340:	
        -: 1341:  //if card is not trashed, added to Played pile 
     2000: 1342:  if (trashFlag < 1)
branch  0 taken 100%
branch  1 taken 0%
        -: 1343:    {
        -: 1344:      //add card to played pile
     2000: 1345:      state->playedCards[state->playedCardCount] = state->hand[currentPlayer][handPos]; 
     2000: 1346:      state->playedCardCount++;
     2000: 1347:    }
        -: 1348:	
        -: 1349:  //set played card to -1
     2000: 1350:  state->hand[currentPlayer][handPos] = -1;
        -: 1351:	
        -: 1352:  //remove card from player's hand
     2000: 1353:  if ( handPos == (state->handCount[currentPlayer] - 1) ) 	//last card in hand array is played
branch  0 taken 0%
branch  1 taken 100%
        -: 1354:    {
        -: 1355:      //reduce number of cards in hand
    #####: 1356:      state->handCount[currentPlayer]--;
    #####: 1357:    }
     2000: 1358:  else if ( state->handCount[currentPlayer] == 1 ) //only one card in hand
branch  0 taken 0%
branch  1 taken 100%
        -: 1359:    {
        -: 1360:      //reduce number of cards in hand
    #####: 1361:      state->handCount[currentPlayer]--;
    #####: 1362:    }
        -: 1363:  else 	
        -: 1364:    {
        -: 1365:      //replace discarded card with last card in hand
     2000: 1366:      state->hand[currentPlayer][handPos] = state->hand[currentPlayer][ (state->handCount[currentPlayer] - 1)];
        -: 1367:      //set last card to -1
     2000: 1368:      state->hand[currentPlayer][state->handCount[currentPlayer] - 1] = -1;
        -: 1369:      //reduce number of cards in hand
     2000: 1370:      state->handCount[currentPlayer]--;
        -: 1371:    }
        -: 1372:	
     2000: 1373:  return 0;
        -: 1374:}
        -: 1375:
function gainCard called 0 returned 0% blocks executed 0%
        -: 1376:int gainCard(int supplyPos, struct gameState *state, int toFlag, int player)
        -: 1377:{
        -: 1378:  //Note: supplyPos is enum of choosen card
        -: 1379:	
        -: 1380:  //check if supply pile is empty (0) or card is not used in game (-1)
    #####: 1381:  if ( supplyCount(supplyPos, state) < 1 )
branch  0 never executed
branch  1 never executed
        -: 1382:    {
    #####: 1383:      return -1;
        -: 1384:    }
        -: 1385:	
        -: 1386:  //added card for [whoseTurn] current player:
        -: 1387:  // toFlag = 0 : add to discard
        -: 1388:  // toFlag = 1 : add to deck
        -: 1389:  // toFlag = 2 : add to hand
        -: 1390:
    #####: 1391:  if (toFlag == 1)
branch  0 never executed
branch  1 never executed
        -: 1392:    {
    #####: 1393:      state->deck[ player ][ state->deckCount[player] ] = supplyPos;
    #####: 1394:      state->deckCount[player]++;
    #####: 1395:    }
    #####: 1396:  else if (toFlag == 2)
branch  0 never executed
branch  1 never executed
        -: 1397:    {
    #####: 1398:      state->hand[ player ][ state->handCount[player] ] = supplyPos;
    #####: 1399:      state->handCount[player]++;
    #####: 1400:    }
        -: 1401:  else
        -: 1402:    {
    #####: 1403:      state->discard[player][ state->discardCount[player] ] = supplyPos;
    #####: 1404:      state->discardCount[player]++;
        -: 1405:    }
        -: 1406:	
        -: 1407:  //decrease number in supply pile
    #####: 1408:  state->supplyCount[supplyPos]--;
        -: 1409:	 
    #####: 1410:  return 0;
    #####: 1411:}
        -: 1412:
function updateCoins called 2000 returned 100% blocks executed 85%
        -: 1413:int updateCoins(int player, struct gameState *state, int bonus)
        -: 1414:{
        -: 1415:  int i;
        -: 1416:	
        -: 1417:  //reset coin count
     2000: 1418:  state->coins = 0;
        -: 1419:
        -: 1420:  //add coins for each Treasure card in player's hand
    24000: 1421:  for (i = 0; i < state->handCount[player]; i++)
branch  0 taken 83%
branch  1 taken 17%
        -: 1422:    {
    10000: 1423:      if (state->hand[player][i] == copper)
branch  0 taken 70%
branch  1 taken 30%
        -: 1424:	{
     6972: 1425:	  state->coins += 1;
     6972: 1426:	}
     3028: 1427:      else if (state->hand[player][i] == silver)
branch  0 taken 0%
branch  1 taken 100%
        -: 1428:	{
    #####: 1429:	  state->coins += 2;
    #####: 1430:	}
     3028: 1431:      else if (state->hand[player][i] == gold)
branch  0 taken 0%
branch  1 taken 100%
        -: 1432:	{
    #####: 1433:	  state->coins += 3;
    #####: 1434:	}	
    10000: 1435:    }	
        -: 1436:
        -: 1437:  //add bonus
     2000: 1438:  state->coins += bonus;
        -: 1439:
     2000: 1440:  return 0;
        -: 1441:}
        -: 1442:
        -: 1443:
        -: 1444://end of dominion.c
        -: 1445:
